[0411/012623.482:ERROR:process_memory_win.cc(73)] ReadMemory at 0x7ff60b260000 of 64 bytes failed: Only part of a ReadProcessMemory or WriteProcessMemory request was completed. (0x12B)
[0411/012624.451:WARNING:pe_image_reader.cc(340)] could not read dos header from C:\Program Files (x86)\Google\Chrome\Application\chrome.exe
[0411/012624.451:ERROR:process_memory_win.cc(73)] ReadMemory at 0x7ffebf520000 of 64 bytes failed: Only part of a ReadProcessMemory or WriteProcessMemory request was completed. (0x12B)
[0411/012624.451:WARNING:pe_image_reader.cc(340)] could not read dos header from C:\WINDOWS\SYSTEM32\ntdll.dll
[0411/012624.451:ERROR:process_memory_win.cc(73)] ReadMemory at 0x7ffebe0f0000 of 64 bytes failed: Only part of a ReadProcessMemory or WriteProcessMemory request was completed. (0x12B)
[0411/012624.452:WARNING:pe_image_reader.cc(340)] could not read dos header from C:\WINDOWS\System32\KERNEL32.DLL
[0411/012624.452:ERROR:process_memory_win.cc(73)] ReadMemory at 0x7ffebc7e0000 of 64 bytes failed: Only part of a ReadProcessMemory or WriteProcessMemory request was completed. (0x12B)
[0411/012624.453:WARNING:pe_image_reader.cc(340)] could not read dos header from C:\WINDOWS\System32\KERNELBASE.dll
[0411/012624.453:ERROR:process_memory_win.cc(73)] ReadMemory at 0x7ffe8c1b0000 of 64 bytes failed: Only part of a ReadProcessMemory or WriteProcessMemory request was completed. (0x12B)
[0411/012624.453:WARNING:pe_image_reader.cc(340)] could not read dos header from C:\Program Files (x86)\Google\Chrome\Application\80.0.3987.163\chrome_elf.dll
[0411/012624.453:ERROR:process_memory_win.cc(73)] ReadMemory at 0x7ffeb45c0000 of 64 bytes failed: Only part of a ReadProcessMemory or WriteProcessMemory request was completed. (0x12B)
[0411/012624.453:WARNING:pe_image_reader.cc(340)] could not read dos header from C:\WINDOWS\SYSTEM32\VERSION.dll
[0411/012624.453:ERROR:process_memory_win.cc(73)] ReadMemory at 0x7ffebdb90000 of 64 bytes failed: Only part of a ReadProcessMemory or WriteProcessMemory request was completed. (0x12B)
[0411/012624.453:WARNING:pe_image_reader.cc(340)] could not read dos header from C:\WINDOWS\System32\msvcrt.dll
[0411/012624.453:ERROR:process_memory_win.cc(73)] ReadMemory at 0x7ffebd550000 of 64 bytes failed: Only part of a ReadProcessMemory or WriteProcessMemory request was completed. (0x12B)
[0411/012624.453:WARNING:pe_image_reader.cc(340)] could not read dos header from C:\WINDOWS\System32\bcryptPrimitives.dll
[0411/012624.453:ERROR:process_memory_win.cc(73)] ReadMemory at 0x7ffebe3f0000 of 64 bytes failed: Only part of a ReadProcessMemory or WriteProcessMemory request was completed. (0x12B)
[0411/012624.453:WARNING:pe_image_reader.cc(340)] could not read dos header from C:\WINDOWS\System32\ADVAPI32.dll
[0411/012624.453:ERROR:process_memory_win.cc(73)] ReadMemory at 0x7ffebeb90000 of 64 bytes failed: Only part of a ReadProcessMemory or WriteProcessMemory request was completed. (0x12B)
[0411/012624.453:WARNING:pe_image_reader.cc(340)] could not read dos header from C:\WINDOWS\System32\sechost.dll
[0411/012624.453:ERROR:process_memory_win.cc(73)] ReadMemory at 0x7ffebda70000 of 64 bytes failed: Only part of a ReadProcessMemory or WriteProcessMemory request was completed. (0x12B)
[0411/012624.453:WARNING:pe_image_reader.cc(340)] could not read dos header from C:\WINDOWS\System32\RPCRT4.dll
[0411/012624.453:ERROR:process_memory_win.cc(73)] ReadMemory at 0x7ffe846a0000 of 64 bytes failed: Only part of a ReadProcessMemory or WriteProcessMemory request was completed. (0x12B)
[0411/012624.453:WARNING:pe_image_reader.cc(340)] could not read dos header from C:\Program Files (x86)\Google\Chrome\Application\80.0.3987.163\chrome.dll
[0411/012624.453:ERROR:process_memory_win.cc(73)] ReadMemory at 0x7ffebe350000 of 64 bytes failed: Only part of a ReadProcessMemory or WriteProcessMemory request was completed. (0x12B)
[0411/012624.453:WARNING:pe_image_reader.cc(340)] could not read dos header from C:\WINDOWS\System32\WS2_32.dll
[0411/012624.453:ERROR:process_memory_win.cc(73)] ReadMemory at 0x7ffebdc30000 of 64 bytes failed: Only part of a ReadProcessMemory or WriteProcessMemory request was completed. (0x12B)
[0411/012624.453:WARNING:pe_image_reader.cc(340)] could not read dos header from C:\WINDOWS\System32\OLEAUT32.dll
[0411/012624.454:ERROR:process_memory_win.cc(73)] ReadMemory at 0x7ffebc4b0000 of 64 bytes failed: Only part of a ReadProcessMemory or WriteProcessMemory request was completed. (0x12B)
[0411/012624.454:WARNING:pe_image_reader.cc(340)] could not read dos header from C:\WINDOWS\System32\msvcp_win.dll
[0411/012624.454:ERROR:process_memory_win.cc(73)] ReadMemory at 0x7ffebc630000 of 64 bytes failed: Only part of a ReadProcessMemory or WriteProcessMemory request was completed. (0x12B)
[0411/012624.454:WARNING:pe_image_reader.cc(340)] could not read dos header from C:\WINDOWS\System32\ucrtbase.dll
[0411/012624.454:ERROR:process_memory_win.cc(73)] ReadMemory at 0x7ffebef60000 of 64 bytes failed: Only part of a ReadProcessMemory or WriteProcessMemory request was completed. (0x12B)
[0411/012624.454:WARNING:pe_image_reader.cc(340)] could not read dos header from C:\WINDOWS\System32\combase.dll
[0411/012624.454:ERROR:process_memory_win.cc(73)] ReadMemory at 0x7ffebc580000 of 64 bytes failed: Only part of a ReadProcessMemory or WriteProcessMemory request was completed. (0x12B)
[0411/012624.454:WARNING:pe_image_reader.cc(340)] could not read dos header from C:\WINDOWS\System32\WINTRUST.dll
[0411/012624.454:ERROR:process_memory_win.cc(73)] ReadMemory at 0x7ffebc420000 of 64 bytes failed: Only part of a ReadProcessMemory or WriteProcessMemory request was completed. (0x12B)
[0411/012624.454:WARNING:pe_image_reader.cc(340)] could not read dos header from C:\WINDOWS\System32\MSASN1.dll
[0411/012624.454:ERROR:process_memory_win.cc(73)] ReadMemory at 0x7ffebd240000 of 64 bytes failed: Only part of a ReadProcessMemory or WriteProcessMemory request was completed. (0x12B)
[0411/012624.454:WARNING:pe_image_reader.cc(340)] could not read dos header from C:\WINDOWS\System32\CRYPT32.dll
[0411/012624.454:ERROR:process_memory_win.cc(73)] ReadMemory at 0x7ffebb910000 of 64 bytes failed: Only part of a ReadProcessMemory or WriteProcessMemory request was completed. (0x12B)
[0411/012624.454:WARNING:pe_image_reader.cc(340)] could not read dos header from C:\WINDOWS\SYSTEM32\IPHLPAPI.DLL
[0411/012624.454:ERROR:process_memory_win.cc(73)] ReadMemory at 0x7ffeb90b0000 of 64 bytes failed: Only part of a ReadProcessMemory or WriteProcessMemory request was completed. (0x12B)
[0411/012624.454:WARNING:pe_image_reader.cc(340)] could not read dos header from C:\WINDOWS\SYSTEM32\WINMM.dll
[0411/012624.454:ERROR:process_memory_win.cc(73)] ReadMemory at 0x7ffeab190000 of 64 bytes failed: Only part of a ReadProcessMemory or WriteProcessMemory request was completed. (0x12B)
[0411/012624.454:WARNING:pe_image_reader.cc(340)] could not read dos header from C:\WINDOWS\SYSTEM32\Secur32.dll
[0411/012624.454:ERROR:process_memory_win.cc(73)] ReadMemory at 0x7ffebc310000 of 64 bytes failed: Only part of a ReadProcessMemory or WriteProcessMemory request was completed. (0x12B)
[0411/012624.454:WARNING:pe_image_reader.cc(340)] could not read dos header from C:\WINDOWS\SYSTEM32\USERENV.dll
[0411/012624.454:ERROR:process_memory_win.cc(73)] ReadMemory at 0x7ffebc490000 of 64 bytes failed: Only part of a ReadProcessMemory or WriteProcessMemory request was completed. (0x12B)
[0411/012624.454:WARNING:pe_image_reader.cc(340)] could not read dos header from C:\WINDOWS\System32\profapi.dll
[0411/012624.454:ERROR:process_memory_win.cc(73)] ReadMemory at 0x7ffe9bb70000 of 64 bytes failed: Only part of a ReadProcessMemory or WriteProcessMemory request was completed. (0x12B)
[0411/012624.454:WARNING:pe_image_reader.cc(340)] could not read dos header from C:\WINDOWS\SYSTEM32\UIAutomationCore.DLL
[0411/012624.455:ERROR:process_memory_win.cc(73)] ReadMemory at 0x7ffeaf040000 of 64 bytes failed: Only part of a ReadProcessMemory or WriteProcessMemory request was completed. (0x12B)
[0411/012624.455:WARNING:pe_image_reader.cc(340)] could not read dos header from C:\WINDOWS\SYSTEM32\DWrite.dll
[0411/012624.455:ERROR:process_memory_win.cc(73)] ReadMemory at 0x7ffeb23e0000 of 64 bytes failed: Only part of a ReadProcessMemory or WriteProcessMemory request was completed. (0x12B)
[0411/012624.455:WARNING:pe_image_reader.cc(340)] could not read dos header from C:\WINDOWS\SYSTEM32\WINSPOOL.DRV
[0411/012624.455:ERROR:process_memory_win.cc(73)] ReadMemory at 0x7ffebc400000 of 64 bytes failed: Only part of a ReadProcessMemory or WriteProcessMemory request was completed. (0x12B)
[0411/012624.455:WARNING:pe_image_reader.cc(340)] could not read dos header from C:\WINDOWS\System32\kernel.appcore.dll
[0411/012624.455:ERROR:process_memory_win.cc(73)] ReadMemory at 0x7ffebc550000 of 64 bytes failed: Only part of a ReadProcessMemory or WriteProcessMemory request was completed. (0x12B)
[0411/012624.455:WARNING:pe_image_reader.cc(340)] could not read dos header from C:\WINDOWS\System32\bcrypt.dll
[0411/012624.455:ERROR:process_memory_win.cc(73)] ReadMemory at 0x7ffeac110000 of 64 bytes failed: Only part of a ReadProcessMemory or WriteProcessMemory request was completed. (0x12B)
[0411/012624.455:WARNING:pe_image_reader.cc(340)] could not read dos header from C:\WINDOWS\SYSTEM32\dbghelp.dll
[0411/012624.455:ERROR:process_memory_win.cc(73)] ReadMemory at 0x7ffeb5ea0000 of 64 bytes failed: Only part of a ReadProcessMemory or WriteProcessMemory request was completed. (0x12B)
[0411/012624.455:WARNING:pe_image_reader.cc(340)] could not read dos header from C:\WINDOWS\SYSTEM32\WINHTTP.dll
[0411/012624.455:ERROR:process_memory_win.cc(73)] ReadMemory at 0x7ffeb4500000 of 64 bytes failed: Only part of a ReadProcessMemory or WriteProcessMemory request was completed. (0x12B)
[0411/012624.455:WARNING:pe_image_reader.cc(340)] could not read dos header from C:\WINDOWS\SYSTEM32\dhcpcsvc.DLL
[0411/012624.455:ERROR:process_memory_win.cc(73)] ReadMemory at 0x7ffebdec0000 of 64 bytes failed: Only part of a ReadProcessMemory or WriteProcessMemory request was completed. (0x12B)
[0411/012624.455:WARNING:pe_image_reader.cc(340)] could not read dos header from C:\WINDOWS\System32\NSI.dll
[0411/012624.455:ERROR:process_memory_win.cc(73)] ReadMemory at 0x7ffeb9080000 of 64 bytes failed: Only part of a ReadProcessMemory or WriteProcessMemory request was completed. (0x12B)
[0411/012624.455:WARNING:pe_image_reader.cc(340)] could not read dos header from C:\WINDOWS\SYSTEM32\WINMMBASE.dll
[0411/012624.455:ERROR:process_memory_win.cc(73)] ReadMemory at 0x7ffebc5e0000 of 64 bytes failed: Only part of a ReadProcessMemory or WriteProcessMemory request was completed. (0x12B)
[0411/012624.455:WARNING:pe_image_reader.cc(340)] could not read dos header from C:\WINDOWS\System32\cfgmgr32.dll
[0411/012624.455:ERROR:process_memory_win.cc(73)] ReadMemory at 0x7ffeb8db0000 of 64 bytes failed: Only part of a ReadProcessMemory or WriteProcessMemory request was completed. (0x12B)
[0411/012624.455:WARNING:pe_image_reader.cc(340)] could not read dos header from C:\WINDOWS\SYSTEM32\PROPSYS.dll
[0411/012624.456:ERROR:process_memory_win.cc(73)] ReadMemory at 0x7ffebedd0000 of 64 bytes failed: Only part of a ReadProcessMemory or WriteProcessMemory request was completed. (0x12B)
[0411/012624.456:WARNING:pe_image_reader.cc(340)] could not read dos header from C:\WINDOWS\System32\shcore.dll
[0411/012624.456:ERROR:process_memory_win.cc(73)] ReadMemory at 0x7ffebc2e0000 of 64 bytes failed: Only part of a ReadProcessMemory or WriteProcessMemory request was completed. (0x12B)
[0411/012624.456:WARNING:pe_image_reader.cc(340)] could not read dos header from C:\WINDOWS\SYSTEM32\SSPICLI.DLL
[0411/012624.456:ERROR:process_memory_win.cc(73)] ReadMemory at 0x7ffebc230000 of 64 bytes failed: Only part of a ReadProcessMemory or WriteProcessMemory request was completed. (0x12B)
[0411/012624.456:WARNING:pe_image_reader.cc(340)] could not read dos header from C:\WINDOWS\SYSTEM32\CRYPTBASE.DLL
[0411/012624.456:ERROR:process_memory_win.cc(73)] ReadMemory at 0x7ff60b260000 of 64 bytes failed: Only part of a ReadProcessMemory or WriteProcessMemory request was completed. (0x12B)
[0411/012624.456:WARNING:pe_image_reader.cc(340)] could not read dos header from C:\Program Files (x86)\Google\Chrome\Application\chrome.exe
[0411/012624.456:ERROR:process_memory_win.cc(73)] ReadMemory at 0x7ffebf520000 of 64 bytes failed: Only part of a ReadProcessMemory or WriteProcessMemory request was completed. (0x12B)
[0411/012624.456:WARNING:pe_image_reader.cc(340)] could not read dos header from C:\WINDOWS\SYSTEM32\ntdll.dll
[0411/012624.456:ERROR:process_memory_win.cc(73)] ReadMemory at 0x7ffebe0f0000 of 64 bytes failed: Only part of a ReadProcessMemory or WriteProcessMemory request was completed. (0x12B)
[0411/012624.456:WARNING:pe_image_reader.cc(340)] could not read dos header from C:\WINDOWS\System32\KERNEL32.DLL
[0411/012624.456:ERROR:process_memory_win.cc(73)] ReadMemory at 0x7ffebc7e0000 of 64 bytes failed: Only part of a ReadProcessMemory or WriteProcessMemory request was completed. (0x12B)
[0411/012624.456:WARNING:pe_image_reader.cc(340)] could not read dos header from C:\WINDOWS\System32\KERNELBASE.dll
[0411/012624.456:ERROR:process_memory_win.cc(73)] ReadMemory at 0x7ffe8c1b0000 of 64 bytes failed: Only part of a ReadProcessMemory or WriteProcessMemory request was completed. (0x12B)
[0411/012624.456:WARNING:pe_image_reader.cc(340)] could not read dos header from C:\Program Files (x86)\Google\Chrome\Application\80.0.3987.163\chrome_elf.dll
[0411/012624.456:ERROR:process_memory_win.cc(73)] ReadMemory at 0x7ffeb45c0000 of 64 bytes failed: Only part of a ReadProcessMemory or WriteProcessMemory request was completed. (0x12B)
[0411/012624.456:WARNING:pe_image_reader.cc(340)] could not read dos header from C:\WINDOWS\SYSTEM32\VERSION.dll
[0411/012624.456:ERROR:process_memory_win.cc(73)] ReadMemory at 0x7ffebdb90000 of 64 bytes failed: Only part of a ReadProcessMemory or WriteProcessMemory request was completed. (0x12B)
[0411/012624.456:WARNING:pe_image_reader.cc(340)] could not read dos header from C:\WINDOWS\System32\msvcrt.dll
[0411/012624.456:ERROR:process_memory_win.cc(73)] ReadMemory at 0x7ffebd550000 of 64 bytes failed: Only part of a ReadProcessMemory or WriteProcessMemory request was completed. (0x12B)
[0411/012624.456:WARNING:pe_image_reader.cc(340)] could not read dos header from C:\WINDOWS\System32\bcryptPrimitives.dll
[0411/012624.456:ERROR:process_memory_win.cc(73)] ReadMemory at 0x7ffebe3f0000 of 64 bytes failed: Only part of a ReadProcessMemory or WriteProcessMemory request was completed. (0x12B)
[0411/012624.457:WARNING:pe_image_reader.cc(340)] could not read dos header from C:\WINDOWS\System32\ADVAPI32.dll
[0411/012624.457:ERROR:process_memory_win.cc(73)] ReadMemory at 0x7ffebeb90000 of 64 bytes failed: Only part of a ReadProcessMemory or WriteProcessMemory request was completed. (0x12B)
[0411/012624.457:WARNING:pe_image_reader.cc(340)] could not read dos header from C:\WINDOWS\System32\sechost.dll
[0411/012624.457:ERROR:process_memory_win.cc(73)] ReadMemory at 0x7ffebda70000 of 64 bytes failed: Only part of a ReadProcessMemory or WriteProcessMemory request was completed. (0x12B)
[0411/012624.457:WARNING:pe_image_reader.cc(340)] could not read dos header from C:\WINDOWS\System32\RPCRT4.dll
[0411/012624.457:ERROR:process_memory_win.cc(73)] ReadMemory at 0x7ffe846a0000 of 64 bytes failed: Only part of a ReadProcessMemory or WriteProcessMemory request was completed. (0x12B)
[0411/012624.457:WARNING:pe_image_reader.cc(340)] could not read dos header from C:\Program Files (x86)\Google\Chrome\Application\80.0.3987.163\chrome.dll
[0411/012624.457:ERROR:process_memory_win.cc(73)] ReadMemory at 0x7ffebe350000 of 64 bytes failed: Only part of a ReadProcessMemory or WriteProcessMemory request was completed. (0x12B)
[0411/012624.457:WARNING:pe_image_reader.cc(340)] could not read dos header from C:\WINDOWS\System32\WS2_32.dll
[0411/012624.457:ERROR:process_memory_win.cc(73)] ReadMemory at 0x7ffebdc30000 of 64 bytes failed: Only part of a ReadProcessMemory or WriteProcessMemory request was completed. (0x12B)
[0411/012624.457:WARNING:pe_image_reader.cc(340)] could not read dos header from C:\WINDOWS\System32\OLEAUT32.dll
[0411/012624.457:ERROR:process_memory_win.cc(73)] ReadMemory at 0x7ffebc4b0000 of 64 bytes failed: Only part of a ReadProcessMemory or WriteProcessMemory request was completed. (0x12B)
[0411/012624.457:WARNING:pe_image_reader.cc(340)] could not read dos header from C:\WINDOWS\System32\msvcp_win.dll
[0411/012624.457:ERROR:process_memory_win.cc(73)] ReadMemory at 0x7ffebc630000 of 64 bytes failed: Only part of a ReadProcessMemory or WriteProcessMemory request was completed. (0x12B)
[0411/012624.457:WARNING:pe_image_reader.cc(340)] could not read dos header from C:\WINDOWS\System32\ucrtbase.dll
[0411/012624.457:ERROR:process_memory_win.cc(73)] ReadMemory at 0x7ffebef60000 of 64 bytes failed: Only part of a ReadProcessMemory or WriteProcessMemory request was completed. (0x12B)
[0411/012624.457:WARNING:pe_image_reader.cc(340)] could not read dos header from C:\WINDOWS\System32\combase.dll
[0411/012624.457:ERROR:process_memory_win.cc(73)] ReadMemory at 0x7ffebc580000 of 64 bytes failed: Only part of a ReadProcessMemory or WriteProcessMemory request was completed. (0x12B)
[0411/012624.457:WARNING:pe_image_reader.cc(340)] could not read dos header from C:\WINDOWS\System32\WINTRUST.dll
[0411/012624.457:ERROR:process_memory_win.cc(73)] ReadMemory at 0x7ffebc420000 of 64 bytes failed: Only part of a ReadProcessMemory or WriteProcessMemory request was completed. (0x12B)
[0411/012624.457:WARNING:pe_image_reader.cc(340)] could not read dos header from C:\WINDOWS\System32\MSASN1.dll
[0411/012624.458:ERROR:process_memory_win.cc(73)] ReadMemory at 0x7ffebd240000 of 64 bytes failed: Only part of a ReadProcessMemory or WriteProcessMemory request was completed. (0x12B)
[0411/012624.458:WARNING:pe_image_reader.cc(340)] could not read dos header from C:\WINDOWS\System32\CRYPT32.dll
[0411/012624.458:ERROR:process_memory_win.cc(73)] ReadMemory at 0x7ffebb910000 of 64 bytes failed: Only part of a ReadProcessMemory or WriteProcessMemory request was completed. (0x12B)
[0411/012624.458:WARNING:pe_image_reader.cc(340)] could not read dos header from C:\WINDOWS\SYSTEM32\IPHLPAPI.DLL
[0411/012624.458:ERROR:process_memory_win.cc(73)] ReadMemory at 0x7ffeb90b0000 of 64 bytes failed: Only part of a ReadProcessMemory or WriteProcessMemory request was completed. (0x12B)
[0411/012624.458:WARNING:pe_image_reader.cc(340)] could not read dos header from C:\WINDOWS\SYSTEM32\WINMM.dll
[0411/012624.458:ERROR:process_memory_win.cc(73)] ReadMemory at 0x7ffeab190000 of 64 bytes failed: Only part of a ReadProcessMemory or WriteProcessMemory request was completed. (0x12B)
[0411/012624.458:WARNING:pe_image_reader.cc(340)] could not read dos header from C:\WINDOWS\SYSTEM32\Secur32.dll
[0411/012624.458:ERROR:process_memory_win.cc(73)] ReadMemory at 0x7ffebc310000 of 64 bytes failed: Only part of a ReadProcessMemory or WriteProcessMemory request was completed. (0x12B)
[0411/012624.458:WARNING:pe_image_reader.cc(340)] could not read dos header from C:\WINDOWS\SYSTEM32\USERENV.dll
[0411/012624.458:ERROR:process_memory_win.cc(73)] ReadMemory at 0x7ffebc490000 of 64 bytes failed: Only part of a ReadProcessMemory or WriteProcessMemory request was completed. (0x12B)
[0411/012624.458:WARNING:pe_image_reader.cc(340)] could not read dos header from C:\WINDOWS\System32\profapi.dll
[0411/012624.458:ERROR:process_memory_win.cc(73)] ReadMemory at 0x7ffe9bb70000 of 64 bytes failed: Only part of a ReadProcessMemory or WriteProcessMemory request was completed. (0x12B)
[0411/012624.458:WARNING:pe_image_reader.cc(340)] could not read dos header from C:\WINDOWS\SYSTEM32\UIAutomationCore.DLL
[0411/012624.458:ERROR:process_memory_win.cc(73)] ReadMemory at 0x7ffeaf040000 of 64 bytes failed: Only part of a ReadProcessMemory or WriteProcessMemory request was completed. (0x12B)
[0411/012624.458:WARNING:pe_image_reader.cc(340)] could not read dos header from C:\WINDOWS\SYSTEM32\DWrite.dll
[0411/012624.458:ERROR:process_memory_win.cc(73)] ReadMemory at 0x7ffeb23e0000 of 64 bytes failed: Only part of a ReadProcessMemory or WriteProcessMemory request was completed. (0x12B)
[0411/012624.458:WARNING:pe_image_reader.cc(340)] could not read dos header from C:\WINDOWS\SYSTEM32\WINSPOOL.DRV
[0411/012624.458:ERROR:process_memory_win.cc(73)] ReadMemory at 0x7ffebc400000 of 64 bytes failed: Only part of a ReadProcessMemory or WriteProcessMemory request was completed. (0x12B)
[0411/012624.458:WARNING:pe_image_reader.cc(340)] could not read dos header from C:\WINDOWS\System32\kernel.appcore.dll
[0411/012624.458:ERROR:process_memory_win.cc(73)] ReadMemory at 0x7ffebc550000 of 64 bytes failed: Only part of a ReadProcessMemory or WriteProcessMemory request was completed. (0x12B)
[0411/012624.458:WARNING:pe_image_reader.cc(340)] could not read dos header from C:\WINDOWS\System32\bcrypt.dll
[0411/012624.458:ERROR:process_memory_win.cc(73)] ReadMemory at 0x7ffeac110000 of 64 bytes failed: Only part of a ReadProcessMemory or WriteProcessMemory request was completed. (0x12B)
[0411/012624.458:WARNING:pe_image_reader.cc(340)] could not read dos header from C:\WINDOWS\SYSTEM32\dbghelp.dll
[0411/012624.459:ERROR:process_memory_win.cc(73)] ReadMemory at 0x7ffeb5ea0000 of 64 bytes failed: Only part of a ReadProcessMemory or WriteProcessMemory request was completed. (0x12B)
[0411/012624.459:WARNING:pe_image_reader.cc(340)] could not read dos header from C:\WINDOWS\SYSTEM32\WINHTTP.dll
[0411/012624.459:ERROR:process_memory_win.cc(73)] ReadMemory at 0x7ffeb4500000 of 64 bytes failed: Only part of a ReadProcessMemory or WriteProcessMemory request was completed. (0x12B)
[0411/012624.459:WARNING:pe_image_reader.cc(340)] could not read dos header from C:\WINDOWS\SYSTEM32\dhcpcsvc.DLL
[0411/012624.459:ERROR:process_memory_win.cc(73)] ReadMemory at 0x7ffebdec0000 of 64 bytes failed: Only part of a ReadProcessMemory or WriteProcessMemory request was completed. (0x12B)
[0411/012624.459:WARNING:pe_image_reader.cc(340)] could not read dos header from C:\WINDOWS\System32\NSI.dll
[0411/012624.459:ERROR:process_memory_win.cc(73)] ReadMemory at 0x7ffeb9080000 of 64 bytes failed: Only part of a ReadProcessMemory or WriteProcessMemory request was completed. (0x12B)
[0411/012624.459:WARNING:pe_image_reader.cc(340)] could not read dos header from C:\WINDOWS\SYSTEM32\WINMMBASE.dll
[0411/012624.459:ERROR:process_memory_win.cc(73)] ReadMemory at 0x7ffebc5e0000 of 64 bytes failed: Only part of a ReadProcessMemory or WriteProcessMemory request was completed. (0x12B)
[0411/012624.459:WARNING:pe_image_reader.cc(340)] could not read dos header from C:\WINDOWS\System32\cfgmgr32.dll
[0411/012624.459:ERROR:process_memory_win.cc(73)] ReadMemory at 0x7ffeb8db0000 of 64 bytes failed: Only part of a ReadProcessMemory or WriteProcessMemory request was completed. (0x12B)
[0411/012624.459:WARNING:pe_image_reader.cc(340)] could not read dos header from C:\WINDOWS\SYSTEM32\PROPSYS.dll
[0411/012624.459:ERROR:process_memory_win.cc(73)] ReadMemory at 0x7ffebedd0000 of 64 bytes failed: Only part of a ReadProcessMemory or WriteProcessMemory request was completed. (0x12B)
[0411/012624.459:WARNING:pe_image_reader.cc(340)] could not read dos header from C:\WINDOWS\System32\shcore.dll
[0411/012624.459:ERROR:process_memory_win.cc(73)] ReadMemory at 0x7ffebc2e0000 of 64 bytes failed: Only part of a ReadProcessMemory or WriteProcessMemory request was completed. (0x12B)
[0411/012624.459:WARNING:pe_image_reader.cc(340)] could not read dos header from C:\WINDOWS\SYSTEM32\SSPICLI.DLL
[0411/012624.459:ERROR:process_memory_win.cc(73)] ReadMemory at 0x7ffebc230000 of 64 bytes failed: Only part of a ReadProcessMemory or WriteProcessMemory request was completed. (0x12B)
[0411/012624.459:WARNING:pe_image_reader.cc(340)] could not read dos header from C:\WINDOWS\SYSTEM32\CRYPTBASE.DLL
[0411/012624.490:ERROR:process_memory_win.cc(73)] ReadMemory at 0xd7561e7000 of 102400 bytes failed: Only part of a ReadProcessMemory or WriteProcessMemory request was completed. (0x12B)
[0411/012624.490:ERROR:process_memory_win.cc(73)] ReadMemory at 0xd7569fd000 of 12288 bytes failed: Only part of a ReadProcessMemory or WriteProcessMemory request was completed. (0x12B)
[0411/012624.491:ERROR:process_memory_win.cc(73)] ReadMemory at 0xd7579fc000 of 16384 bytes failed: Only part of a ReadProcessMemory or WriteProcessMemory request was completed. (0x12B)
[0411/012624.491:ERROR:process_memory_win.cc(73)] ReadMemory at 0xd7581fb000 of 20480 bytes failed: Only part of a ReadProcessMemory or WriteProcessMemory request was completed. (0x12B)
[0411/012624.491:ERROR:process_memory_win.cc(73)] ReadMemory at 0xd7589fe000 of 8192 bytes failed: Only part of a ReadProcessMemory or WriteProcessMemory request was completed. (0x12B)
[0411/012624.491:ERROR:process_memory_win.cc(73)] ReadMemory at 0xd7591fd000 of 12288 bytes failed: Only part of a ReadProcessMemory or WriteProcessMemory request was completed. (0x12B)
[0411/012624.491:ERROR:process_memory_win.cc(73)] ReadMemory at 0xd7599fb000 of 20480 bytes failed: Only part of a ReadProcessMemory or WriteProcessMemory request was completed. (0x12B)
[0411/012624.491:ERROR:process_memory_win.cc(73)] ReadMemory at 0xd75a9fb000 of 20480 bytes failed: Only part of a ReadProcessMemory or WriteProcessMemory request was completed. (0x12B)
[0411/012624.491:ERROR:process_memory_win.cc(73)] ReadMemory at 0xd75b1f5000 of 45056 bytes failed: Only part of a ReadProcessMemory or WriteProcessMemory request was completed. (0x12B)
[0411/012624.491:ERROR:process_memory_win.cc(73)] ReadMemory at 0xd75b9f5000 of 45056 bytes failed: Only part of a ReadProcessMemory or WriteProcessMemory request was completed. (0x12B)
[0411/012624.491:ERROR:process_memory_win.cc(73)] ReadMemory at 0xd75c1fc000 of 16384 bytes failed: Only part of a ReadProcessMemory or WriteProcessMemory request was completed. (0x12B)
[0411/012624.492:ERROR:process_memory_win.cc(73)] ReadMemory at 0xd75a1fd000 of 12288 bytes failed: Only part of a ReadProcessMemory or WriteProcessMemory request was completed. (0x12B)
[0411/012624.492:ERROR:process_memory_win.cc(73)] ReadMemory at 0xd75d9fb000 of 20480 bytes failed: Only part of a ReadProcessMemory or WriteProcessMemory request was completed. (0x12B)
[0411/012624.492:ERROR:process_memory_win.cc(73)] ReadMemory at 0xd75e1fd000 of 12288 bytes failed: Only part of a ReadProcessMemory or WriteProcessMemory request was completed. (0x12B)
[0411/012624.492:ERROR:process_memory_win.cc(73)] ReadMemory at 0xd75c9fa000 of 24576 bytes failed: Only part of a ReadProcessMemory or WriteProcessMemory request was completed. (0x12B)
[0411/012624.492:ERROR:process_memory_win.cc(73)] ReadMemory at 0xd7571f9000 of 28672 bytes failed: Only part of a ReadProcessMemory or WriteProcessMemory request was completed. (0x12B)
[0411/012624.492:ERROR:process_memory_win.cc(73)] ReadMemory at 0xd75d1ec000 of 81920 bytes failed: Only part of a ReadProcessMemory or WriteProcessMemory request was completed. (0x12B)
[0411/012624.492:ERROR:process_memory_win.cc(73)] ReadMemory at 0xd75e9f9000 of 28672 bytes failed: Only part of a ReadProcessMemory or WriteProcessMemory request was completed. (0x12B)
[0411/012624.492:ERROR:process_memory_win.cc(73)] ReadMemory at 0xd75f1fe000 of 8192 bytes failed: Only part of a ReadProcessMemory or WriteProcessMemory request was completed. (0x12B)
[0411/012624.493:ERROR:process_memory_win.cc(73)] ReadMemory at 0xd75583c000 of 852 bytes failed: Only part of a ReadProcessMemory or WriteProcessMemory request was completed. (0x12B)
[0411/012624.493:ERROR:process_memory_win.cc(73)] ReadMemory at 0xd75583d000 of 6024 bytes failed: Only part of a ReadProcessMemory or WriteProcessMemory request was completed. (0x12B)
[0411/012624.493:ERROR:process_memory_win.cc(73)] ReadMemory at 0xd75583f000 of 6024 bytes failed: Only part of a ReadProcessMemory or WriteProcessMemory request was completed. (0x12B)
[0411/012624.493:ERROR:process_memory_win.cc(73)] ReadMemory at 0xd755843000 of 6024 bytes failed: Only part of a ReadProcessMemory or WriteProcessMemory request was completed. (0x12B)
[0411/012624.493:ERROR:process_memory_win.cc(73)] ReadMemory at 0xd755845000 of 6024 bytes failed: Only part of a ReadProcessMemory or WriteProcessMemory request was completed. (0x12B)
[0411/012624.493:ERROR:process_memory_win.cc(73)] ReadMemory at 0xd755847000 of 6024 bytes failed: Only part of a ReadProcessMemory or WriteProcessMemory request was completed. (0x12B)
[0411/012624.493:ERROR:process_memory_win.cc(73)] ReadMemory at 0xd755849000 of 6024 bytes failed: Only part of a ReadProcessMemory or WriteProcessMemory request was completed. (0x12B)
[0411/012624.493:ERROR:process_memory_win.cc(73)] ReadMemory at 0xd75584b000 of 6024 bytes failed: Only part of a ReadProcessMemory or WriteProcessMemory request was completed. (0x12B)
[0411/012624.494:ERROR:process_memory_win.cc(73)] ReadMemory at 0xd75584d000 of 6024 bytes failed: Only part of a ReadProcessMemory or WriteProcessMemory request was completed. (0x12B)
[0411/012624.494:ERROR:process_memory_win.cc(73)] ReadMemory at 0xd755851000 of 6024 bytes failed: Only part of a ReadProcessMemory or WriteProcessMemory request was completed. (0x12B)
[0411/012624.494:ERROR:process_memory_win.cc(73)] ReadMemory at 0xd755853000 of 6024 bytes failed: Only part of a ReadProcessMemory or WriteProcessMemory request was completed. (0x12B)
[0411/012624.494:ERROR:process_memory_win.cc(73)] ReadMemory at 0xd755855000 of 6024 bytes failed: Only part of a ReadProcessMemory or WriteProcessMemory request was completed. (0x12B)
[0411/012624.494:ERROR:process_memory_win.cc(73)] ReadMemory at 0xd75585f000 of 6024 bytes failed: Only part of a ReadProcessMemory or WriteProcessMemory request was completed. (0x12B)
[0411/012624.494:ERROR:process_memory_win.cc(73)] ReadMemory at 0xd7558bb000 of 6024 bytes failed: Only part of a ReadProcessMemory or WriteProcessMemory request was completed. (0x12B)
[0411/012624.494:ERROR:process_memory_win.cc(73)] ReadMemory at 0xd7558c1000 of 6024 bytes failed: Only part of a ReadProcessMemory or WriteProcessMemory request was completed. (0x12B)
[0411/012624.494:ERROR:process_memory_win.cc(73)] ReadMemory at 0xd7558c9000 of 6024 bytes failed: Only part of a ReadProcessMemory or WriteProcessMemory request was completed. (0x12B)
[0411/012624.494:ERROR:process_memory_win.cc(73)] ReadMemory at 0xd7558d7000 of 6024 bytes failed: Only part of a ReadProcessMemory or WriteProcessMemory request was completed. (0x12B)
[0411/012624.495:ERROR:process_memory_win.cc(73)] ReadMemory at 0xd7558d9000 of 6024 bytes failed: Only part of a ReadProcessMemory or WriteProcessMemory request was completed. (0x12B)
[0411/012624.495:ERROR:process_memory_win.cc(73)] ReadMemory at 0xd7558db000 of 6024 bytes failed: Only part of a ReadProcessMemory or WriteProcessMemory request was completed. (0x12B)
[0411/012624.495:ERROR:process_memory_win.cc(73)] ReadMemory at 0xd75590f000 of 6024 bytes failed: Only part of a ReadProcessMemory or WriteProcessMemory request was completed. (0x12B)
[0411/012624.495:ERROR:process_memory_win.cc(73)] ReadMemory at 0x27653fb0fe0 of 15704 bytes failed: Only part of a ReadProcessMemory or WriteProcessMemory request was completed. (0x12B)
[0411/012624.495:ERROR:process_memory_win.cc(73)] ReadMemory at 0x27653fb4d40 of 1012 bytes failed: Only part of a ReadProcessMemory or WriteProcessMemory request was completed. (0x12B)
[0411/012624.495:ERROR:process_memory_win.cc(73)] ReadMemory at 0x27653fb5388 of 118 bytes failed: Only part of a ReadProcessMemory or WriteProcessMemory request was completed. (0x12B)
[0411/012624.495:ERROR:process_memory_win.cc(73)] ReadMemory at 0x27653fb5400 of 758 bytes failed: Only part of a ReadProcessMemory or WriteProcessMemory request was completed. (0x12B)
[0411/012624.495:ERROR:process_memory_win.cc(73)] ReadMemory at 0x27653fb56f8 of 118 bytes failed: Only part of a ReadProcessMemory or WriteProcessMemory request was completed. (0x12B)
[0411/012624.495:ERROR:process_memory_win.cc(73)] ReadMemory at 0x27653fb5770 of 96 bytes failed: Only part of a ReadProcessMemory or WriteProcessMemory request was completed. (0x12B)
[0411/012624.496:ERROR:process_memory_win.cc(73)] ReadMemory at 0x27653fb57e0 of 58 bytes failed: Only part of a ReadProcessMemory or WriteProcessMemory request was completed. (0x12B)
[0411/012624.496:ERROR:process_memory_win.cc(73)] ReadMemory at 0x27653fb58e0 of 132 bytes failed: Only part of a ReadProcessMemory or WriteProcessMemory request was completed. (0x12B)
[0411/012624.496:ERROR:process_memory_win.cc(73)] ReadMemory at 0x27653fb5a70 of 132 bytes failed: Only part of a ReadProcessMemory or WriteProcessMemory request was completed. (0x12B)
[0411/012624.496:ERROR:process_memory_win.cc(73)] ReadMemory at 0x27653fb5c30 of 126 bytes failed: Only part of a ReadProcessMemory or WriteProcessMemory request was completed. (0x12B)
[0411/012624.496:ERROR:process_memory_win.cc(73)] ReadMemory at 0x27653fb6010 of 132 bytes failed: Only part of a ReadProcessMemory or WriteProcessMemory request was completed. (0x12B)
[0411/012624.496:ERROR:process_memory_win.cc(73)] ReadMemory at 0x27653fb61a0 of 64 bytes failed: Only part of a ReadProcessMemory or WriteProcessMemory request was completed. (0x12B)
[0411/012624.496:ERROR:process_memory_win.cc(73)] ReadMemory at 0x27653fb61f0 of 132 bytes failed: Only part of a ReadProcessMemory or WriteProcessMemory request was completed. (0x12B)
[0411/012624.496:ERROR:process_memory_win.cc(73)] ReadMemory at 0x27653fb6360 of 132 bytes failed: Only part of a ReadProcessMemory or WriteProcessMemory request was completed. (0x12B)
[0411/012624.496:ERROR:process_memory_win.cc(73)] ReadMemory at 0x27653fb6600 of 132 bytes failed: Only part of a ReadProcessMemory or WriteProcessMemory request was completed. (0x12B)
[0411/012624.496:ERROR:process_memory_win.cc(73)] ReadMemory at 0x27653fb6790 of 68 bytes failed: Only part of a ReadProcessMemory or WriteProcessMemory request was completed. (0x12B)
[0411/012624.496:ERROR:process_memory_win.cc(73)] ReadMemory at 0x27653fb7780 of 146 bytes failed: Only part of a ReadProcessMemory or WriteProcessMemory request was completed. (0x12B)
[0411/012624.496:ERROR:process_memory_win.cc(73)] ReadMemory at 0x27653fb7860 of 132 bytes failed: Only part of a ReadProcessMemory or WriteProcessMemory request was completed. (0x12B)
[0411/012624.497:ERROR:process_memory_win.cc(73)] ReadMemory at 0x27653fb79f0 of 154 bytes failed: Only part of a ReadProcessMemory or WriteProcessMemory request was completed. (0x12B)
[0411/012624.497:ERROR:process_memory_win.cc(73)] ReadMemory at 0x27653fb8680 of 132 bytes failed: Only part of a ReadProcessMemory or WriteProcessMemory request was completed. (0x12B)
[0411/012624.497:ERROR:process_memory_win.cc(73)] ReadMemory at 0x27653fb88b0 of 62 bytes failed: Only part of a ReadProcessMemory or WriteProcessMemory request was completed. (0x12B)
[0411/012624.497:ERROR:process_memory_win.cc(73)] ReadMemory at 0x27653fb89e0 of 132 bytes failed: Only part of a ReadProcessMemory or WriteProcessMemory request was completed. (0x12B)
[0411/012624.497:ERROR:process_memory_win.cc(73)] ReadMemory at 0x27653fb8b70 of 60 bytes failed: Only part of a ReadProcessMemory or WriteProcessMemory request was completed. (0x12B)
[0411/012624.497:ERROR:process_memory_win.cc(73)] ReadMemory at 0x27653fb9aa0 of 132 bytes failed: Only part of a ReadProcessMemory or WriteProcessMemory request was completed. (0x12B)
[0411/012624.497:ERROR:process_memory_win.cc(73)] ReadMemory at 0x27653fb9cc0 of 132 bytes failed: Only part of a ReadProcessMemory or WriteProcessMemory request was completed. (0x12B)
[0411/012624.497:ERROR:process_memory_win.cc(73)] ReadMemory at 0x27653fba020 of 132 bytes failed: Only part of a ReadProcessMemory or WriteProcessMemory request was completed. (0x12B)
[0411/012624.497:ERROR:process_memory_win.cc(73)] ReadMemory at 0x27653fba230 of 132 bytes failed: Only part of a ReadProcessMemory or WriteProcessMemory request was completed. (0x12B)
[0411/012624.497:ERROR:process_memory_win.cc(73)] ReadMemory at 0x27653fbc960 of 132 bytes failed: Only part of a ReadProcessMemory or WriteProcessMemory request was completed. (0x12B)
[0411/012624.497:ERROR:process_memory_win.cc(73)] ReadMemory at 0x27653fbca90 of 132 bytes failed: Only part of a ReadProcessMemory or WriteProcessMemory request was completed. (0x12B)
[0411/012624.498:ERROR:process_memory_win.cc(73)] ReadMemory at 0x27653fbcc20 of 80 bytes failed: Only part of a ReadProcessMemory or WriteProcessMemory request was completed. (0x12B)
[0411/012624.498:ERROR:process_memory_win.cc(73)] ReadMemory at 0x27653fbcdc0 of 64 bytes failed: Only part of a ReadProcessMemory or WriteProcessMemory request was completed. (0x12B)
[0411/012624.498:ERROR:process_memory_win.cc(73)] ReadMemory at 0x27653fbce10 of 64 bytes failed: Only part of a ReadProcessMemory or WriteProcessMemory request was completed. (0x12B)
[0411/012624.498:ERROR:process_memory_win.cc(73)] ReadMemory at 0x27653fbd1d0 of 62 bytes failed: Only part of a ReadProcessMemory or WriteProcessMemory request was completed. (0x12B)
[0411/012624.498:ERROR:process_memory_win.cc(73)] ReadMemory at 0x27653fbd220 of 60 bytes failed: Only part of a ReadProcessMemory or WriteProcessMemory request was completed. (0x12B)
[0411/012624.498:ERROR:process_memory_win.cc(73)] ReadMemory at 0x27653fbd270 of 64 bytes failed: Only part of a ReadProcessMemory or WriteProcessMemory request was completed. (0x12B)
[0411/012624.498:ERROR:process_memory_win.cc(73)] ReadMemory at 0x27653fbd2c0 of 62 bytes failed: Only part of a ReadProcessMemory or WriteProcessMemory request was completed. (0x12B)
[0411/012624.498:ERROR:process_memory_win.cc(73)] ReadMemory at 0x27653fbd310 of 60 bytes failed: Only part of a ReadProcessMemory or WriteProcessMemory request was completed. (0x12B)
[0411/012624.498:ERROR:process_memory_win.cc(73)] ReadMemory at 0x27653fbd450 of 64 bytes failed: Only part of a ReadProcessMemory or WriteProcessMemory request was completed. (0x12B)
[0411/012624.498:ERROR:process_memory_win.cc(73)] ReadMemory at 0x27653fbd4f0 of 66 bytes failed: Only part of a ReadProcessMemory or WriteProcessMemory request was completed. (0x12B)
[0411/012624.498:ERROR:process_memory_win.cc(73)] ReadMemory at 0x27653fbda20 of 62 bytes failed: Only part of a ReadProcessMemory or WriteProcessMemory request was completed. (0x12B)
[0411/012624.499:ERROR:process_memory_win.cc(73)] ReadMemory at 0x27653fbdb10 of 62 bytes failed: Only part of a ReadProcessMemory or WriteProcessMemory request was completed. (0x12B)
[0411/012624.499:ERROR:process_memory_win.cc(73)] ReadMemory at 0x27653fbdb60 of 60 bytes failed: Only part of a ReadProcessMemory or WriteProcessMemory request was completed. (0x12B)
[0411/012624.499:ERROR:process_memory_win.cc(73)] ReadMemory at 0x27653fbdca0 of 60 bytes failed: Only part of a ReadProcessMemory or WriteProcessMemory request was completed. (0x12B)
[0411/012624.499:ERROR:process_memory_win.cc(73)] ReadMemory at 0x27653fbdcf0 of 64 bytes failed: Only part of a ReadProcessMemory or WriteProcessMemory request was completed. (0x12B)
[0411/012624.499:ERROR:process_memory_win.cc(73)] ReadMemory at 0x27653fbdd40 of 64 bytes failed: Only part of a ReadProcessMemory or WriteProcessMemory request was completed. (0x12B)
[0411/012624.499:ERROR:process_memory_win.cc(73)] ReadMemory at 0x27653fbde30 of 66 bytes failed: Only part of a ReadProcessMemory or WriteProcessMemory request was completed. (0x12B)
[0411/012624.499:ERROR:process_memory_win.cc(73)] ReadMemory at 0x27653fbde80 of 62 bytes failed: Only part of a ReadProcessMemory or WriteProcessMemory request was completed. (0x12B)
[0411/012624.499:ERROR:process_memory_win.cc(73)] ReadMemory at 0x27653fbded0 of 60 bytes failed: Only part of a ReadProcessMemory or WriteProcessMemory request was completed. (0x12B)
[0411/012624.499:ERROR:process_memory_win.cc(73)] ReadMemory at 0x27653fbdf20 of 60 bytes failed: Only part of a ReadProcessMemory or WriteProcessMemory request was completed. (0x12B)
[0411/012624.499:ERROR:process_memory_win.cc(73)] ReadMemory at 0x27653fbe0b0 of 64 bytes failed: Only part of a ReadProcessMemory or WriteProcessMemory request was completed. (0x12B)
[0411/012624.499:ERROR:process_memory_win.cc(73)] ReadMemory at 0x27653fbe1a0 of 62 bytes failed: Only part of a ReadProcessMemory or WriteProcessMemory request was completed. (0x12B)
[0411/012624.499:ERROR:process_memory_win.cc(73)] ReadMemory at 0x27653fbe1f0 of 58 bytes failed: Only part of a ReadProcessMemory or WriteProcessMemory request was completed. (0x12B)
[0411/012624.499:ERROR:process_memory_win.cc(73)] ReadMemory at 0x27653fbe240 of 64 bytes failed: Only part of a ReadProcessMemory or WriteProcessMemory request was completed. (0x12B)
[0411/012624.499:ERROR:process_memory_win.cc(73)] ReadMemory at 0x27653fbe420 of 62 bytes failed: Only part of a ReadProcessMemory or WriteProcessMemory request was completed. (0x12B)
[0411/012624.500:ERROR:process_memory_win.cc(73)] ReadMemory at 0x27653fbe560 of 62 bytes failed: Only part of a ReadProcessMemory or WriteProcessMemory request was completed. (0x12B)
[0411/012624.500:ERROR:process_memory_win.cc(73)] ReadMemory at 0x27653fbe6f0 of 62 bytes failed: Only part of a ReadProcessMemory or WriteProcessMemory request was completed. (0x12B)
[0411/012624.500:ERROR:process_memory_win.cc(73)] ReadMemory at 0x27653fbe920 of 62 bytes failed: Only part of a ReadProcessMemory or WriteProcessMemory request was completed. (0x12B)
[0411/012624.500:ERROR:process_memory_win.cc(73)] ReadMemory at 0x27653fc1a00 of 132 bytes failed: Only part of a ReadProcessMemory or WriteProcessMemory request was completed. (0x12B)
[0411/012624.500:ERROR:process_memory_win.cc(73)] ReadMemory at 0x27653fc1b30 of 132 bytes failed: Only part of a ReadProcessMemory or WriteProcessMemory request was completed. (0x12B)
[0411/012624.500:ERROR:process_memory_win.cc(73)] ReadMemory at 0x27653fc1c60 of 132 bytes failed: Only part of a ReadProcessMemory or WriteProcessMemory request was completed. (0x12B)
[0411/012624.500:ERROR:process_memory_win.cc(73)] ReadMemory at 0x27653fc1d90 of 132 bytes failed: Only part of a ReadProcessMemory or WriteProcessMemory request was completed. (0x12B)
[0411/012624.501:ERROR:process_memory_win.cc(73)] ReadMemory at 0x27653fc1ff0 of 132 bytes failed: Only part of a ReadProcessMemory or WriteProcessMemory request was completed. (0x12B)
[0411/012624.501:ERROR:process_memory_win.cc(73)] ReadMemory at 0x27653fc2120 of 132 bytes failed: Only part of a ReadProcessMemory or WriteProcessMemory request was completed. (0x12B)
[0411/012624.653:ERROR:process_memory_win.cc(73)] ReadMemory at 0x27653fc2250 of 132 bytes failed: Only part of a ReadProcessMemory or WriteProcessMemory request was completed. (0x12B)
[0411/012624.653:ERROR:process_memory_win.cc(73)] ReadMemory at 0x27653fc2380 of 132 bytes failed: Only part of a ReadProcessMemory or WriteProcessMemory request was completed. (0x12B)
[0411/012624.653:ERROR:process_memory_win.cc(73)] ReadMemory at 0x27653fc24b0 of 132 bytes failed: Only part of a ReadProcessMemory or WriteProcessMemory request was completed. (0x12B)
[0411/012624.653:ERROR:process_memory_win.cc(73)] ReadMemory at 0x27653fc25e0 of 132 bytes failed: Only part of a ReadProcessMemory or WriteProcessMemory request was completed. (0x12B)
[0411/012624.654:ERROR:process_memory_win.cc(73)] ReadMemory at 0x27653fc2710 of 132 bytes failed: Only part of a ReadProcessMemory or WriteProcessMemory request was completed. (0x12B)
[0411/012624.654:ERROR:process_memory_win.cc(73)] ReadMemory at 0x27653fc2840 of 132 bytes failed: Only part of a ReadProcessMemory or WriteProcessMemory request was completed. (0x12B)
[0411/012624.654:ERROR:process_memory_win.cc(73)] ReadMemory at 0x27653fc3760 of 132 bytes failed: Only part of a ReadProcessMemory or WriteProcessMemory request was completed. (0x12B)
[0411/012624.654:ERROR:process_memory_win.cc(73)] ReadMemory at 0x27653fc56b0 of 76 bytes failed: Only part of a ReadProcessMemory or WriteProcessMemory request was completed. (0x12B)
[0411/012624.654:ERROR:process_memory_win.cc(73)] ReadMemory at 0x27653fc5b30 of 80 bytes failed: Only part of a ReadProcessMemory or WriteProcessMemory request was completed. (0x12B)
[0411/012624.654:ERROR:process_memory_win.cc(73)] ReadMemory at 0x27653fc70b0 of 132 bytes failed: Only part of a ReadProcessMemory or WriteProcessMemory request was completed. (0x12B)
[0411/012624.654:ERROR:process_memory_win.cc(73)] ReadMemory at 0x27653fc9ae0 of 54 bytes failed: Only part of a ReadProcessMemory or WriteProcessMemory request was completed. (0x12B)
[0411/012624.655:ERROR:process_memory_win.cc(73)] ReadMemory at 0x27653fca220 of 132 bytes failed: Only part of a ReadProcessMemory or WriteProcessMemory request was completed. (0x12B)
[0411/012624.655:ERROR:process_memory_win.cc(73)] ReadMemory at 0x27653fca6e0 of 132 bytes failed: Only part of a ReadProcessMemory or WriteProcessMemory request was completed. (0x12B)
[0411/012624.655:ERROR:process_memory_win.cc(73)] ReadMemory at 0x27653fca940 of 132 bytes failed: Only part of a ReadProcessMemory or WriteProcessMemory request was completed. (0x12B)
[0411/012624.655:ERROR:process_memory_win.cc(73)] ReadMemory at 0x27653fcaba0 of 132 bytes failed: Only part of a ReadProcessMemory or WriteProcessMemory request was completed. (0x12B)
[0411/012624.655:ERROR:process_memory_win.cc(73)] ReadMemory at 0x27653fcacd0 of 132 bytes failed: Only part of a ReadProcessMemory or WriteProcessMemory request was completed. (0x12B)
[0411/012624.655:ERROR:process_memory_win.cc(73)] ReadMemory at 0x27653fcae00 of 132 bytes failed: Only part of a ReadProcessMemory or WriteProcessMemory request was completed. (0x12B)
[0411/012624.655:ERROR:process_memory_win.cc(73)] ReadMemory at 0x27653fcaf30 of 132 bytes failed: Only part of a ReadProcessMemory or WriteProcessMemory request was completed. (0x12B)
[0411/012624.655:ERROR:process_memory_win.cc(73)] ReadMemory at 0x27653fcb3f0 of 132 bytes failed: Only part of a ReadProcessMemory or WriteProcessMemory request was completed. (0x12B)
[0411/012624.656:ERROR:process_memory_win.cc(73)] ReadMemory at 0x27653fcbb10 of 132 bytes failed: Only part of a ReadProcessMemory or WriteProcessMemory request was completed. (0x12B)
[0411/012624.656:ERROR:process_memory_win.cc(73)] ReadMemory at 0x27653fcbc40 of 132 bytes failed: Only part of a ReadProcessMemory or WriteProcessMemory request was completed. (0x12B)
[0411/012624.656:ERROR:process_memory_win.cc(73)] ReadMemory at 0x27653fcce90 of 512 bytes failed: Only part of a ReadProcessMemory or WriteProcessMemory request was completed. (0x12B)
[0411/012624.656:ERROR:process_memory_win.cc(73)] ReadMemory at 0x27653fe3990 of 512 bytes failed: Only part of a ReadProcessMemory or WriteProcessMemory request was completed. (0x12B)
[0411/012624.656:ERROR:process_memory_win.cc(73)] ReadMemory at 0x276544a6250 of 512 bytes failed: Only part of a ReadProcessMemory or WriteProcessMemory request was completed. (0x12B)
[0411/012624.656:ERROR:process_memory_win.cc(73)] ReadMemory at 0x276544bd4f0 of 512 bytes failed: Only part of a ReadProcessMemory or WriteProcessMemory request was completed. (0x12B)
[0411/012624.656:ERROR:process_memory_win.cc(73)] ReadMemory at 0x276544ca420 of 512 bytes failed: Only part of a ReadProcessMemory or WriteProcessMemory request was completed. (0x12B)
[0411/012624.657:ERROR:process_memory_win.cc(73)] ReadMemory at 0x276544ce550 of 712 bytes failed: Only part of a ReadProcessMemory or WriteProcessMemory request was completed. (0x12B)
[0411/012624.657:ERROR:process_memory_win.cc(73)] ReadMemory at 0x276544e0be8 of 512 bytes failed: Only part of a ReadProcessMemory or WriteProcessMemory request was completed. (0x12B)
[0411/012624.657:ERROR:process_memory_win.cc(73)] ReadMemory at 0x276544e1a88 of 512 bytes failed: Only part of a ReadProcessMemory or WriteProcessMemory request was completed. (0x12B)
[0411/012624.657:ERROR:process_memory_win.cc(73)] ReadMemory at 0x276544e22f8 of 512 bytes failed: Only part of a ReadProcessMemory or WriteProcessMemory request was completed. (0x12B)
[0411/012624.657:ERROR:process_memory_win.cc(73)] ReadMemory at 0x276562e12e0 of 512 bytes failed: Only part of a ReadProcessMemory or WriteProcessMemory request was completed. (0x12B)
[0411/012624.657:ERROR:process_memory_win.cc(73)] ReadMemory at 0x276562e8ae0 of 512 bytes failed: Only part of a ReadProcessMemory or WriteProcessMemory request was completed. (0x12B)
[0411/012624.657:ERROR:process_memory_win.cc(73)] ReadMemory at 0x27656478fc8 of 512 bytes failed: Only part of a ReadProcessMemory or WriteProcessMemory request was completed. (0x12B)
[0411/012624.658:ERROR:process_memory_win.cc(73)] ReadMemory at 0x27656711bc0 of 512 bytes failed: Only part of a ReadProcessMemory or WriteProcessMemory request was completed. (0x12B)
[0411/012624.658:ERROR:process_memory_win.cc(73)] ReadMemory at 0x276567283f0 of 512 bytes failed: Only part of a ReadProcessMemory or WriteProcessMemory request was completed. (0x12B)
[0411/012624.658:ERROR:process_memory_win.cc(73)] ReadMemory at 0x276578c3928 of 512 bytes failed: Only part of a ReadProcessMemory or WriteProcessMemory request was completed. (0x12B)
[0411/012624.658:ERROR:process_memory_win.cc(73)] ReadMemory at 0x276578e5fe0 of 512 bytes failed: Only part of a ReadProcessMemory or WriteProcessMemory request was completed. (0x12B)
[0411/012624.658:ERROR:process_memory_win.cc(73)] ReadMemory at 0x27657db8b50 of 512 bytes failed: Only part of a ReadProcessMemory or WriteProcessMemory request was completed. (0x12B)
[0411/012624.658:ERROR:process_memory_win.cc(73)] ReadMemory at 0x276598a7a40 of 512 bytes failed: Only part of a ReadProcessMemory or WriteProcessMemory request was completed. (0x12B)
[0411/012624.659:ERROR:process_memory_win.cc(73)] ReadMemory at 0x276598ab400 of 512 bytes failed: Only part of a ReadProcessMemory or WriteProcessMemory request was completed. (0x12B)
[0411/012624.659:ERROR:process_memory_win.cc(73)] ReadMemory at 0x2765a1af000 of 384 bytes failed: Only part of a ReadProcessMemory or WriteProcessMemory request was completed. (0x12B)
[0411/012624.659:ERROR:process_memory_win.cc(73)] ReadMemory at 0x74bcc800c28c of 627 bytes failed: Only part of a ReadProcessMemory or WriteProcessMemory request was completed. (0x12B)
[0411/012624.659:ERROR:process_memory_win.cc(73)] ReadMemory at 0x74bcc8204e80 of 512 bytes failed: Only part of a ReadProcessMemory or WriteProcessMemory request was completed. (0x12B)
[0411/012624.659:ERROR:process_memory_win.cc(73)] ReadMemory at 0x773c00000000 of 384 bytes failed: Only part of a ReadProcessMemory or WriteProcessMemory request was completed. (0x12B)
[0411/012624.659:ERROR:process_memory_win.cc(73)] ReadMemory at 0x773c0000a234 of 512 bytes failed: Only part of a ReadProcessMemory or WriteProcessMemory request was completed. (0x12B)
[0411/012624.659:ERROR:process_memory_win.cc(73)] ReadMemory at 0x773c00211740 of 512 bytes failed: Only part of a ReadProcessMemory or WriteProcessMemory request was completed. (0x12B)
[0411/012624.660:ERROR:process_memory_win.cc(73)] ReadMemory at 0x773c080403c5 of 512 bytes failed: Only part of a ReadProcessMemory or WriteProcessMemory request was completed. (0x12B)
[0411/012624.660:ERROR:process_memory_win.cc(73)] ReadMemory at 0x773c0889f9e1 of 512 bytes failed: Only part of a ReadProcessMemory or WriteProcessMemory request was completed. (0x12B)
[0411/012624.660:ERROR:process_memory_win.cc(73)] ReadMemory at 0x773c08acb295 of 512 bytes failed: Only part of a ReadProcessMemory or WriteProcessMemory request was completed. (0x12B)
[0411/012624.660:ERROR:process_memory_win.cc(73)] ReadMemory at 0x773c091c4ed8 of 513 bytes failed: Only part of a ReadProcessMemory or WriteProcessMemory request was completed. (0x12B)
[0411/012624.661:ERROR:process_memory_win.cc(73)] ReadMemory at 0x773c09477f6c of 513 bytes failed: Only part of a ReadProcessMemory or WriteProcessMemory request was completed. (0x12B)
[0411/012624.661:ERROR:process_memory_win.cc(73)] ReadMemory at 0x773c0abe48ad of 512 bytes failed: Only part of a ReadProcessMemory or WriteProcessMemory request was completed. (0x12B)
[0411/012624.661:ERROR:process_memory_win.cc(73)] ReadMemory at 0x773c0b794cc5 of 512 bytes failed: Only part of a ReadProcessMemory or WriteProcessMemory request was completed. (0x12B)
[0411/012624.661:ERROR:process_memory_win.cc(73)] ReadMemory at 0x7ffe8676c448 of 512 bytes failed: Only part of a ReadProcessMemory or WriteProcessMemory request was completed. (0x12B)
[0411/012624.661:ERROR:process_memory_win.cc(73)] ReadMemory at 0x7ffe8c1d7a8d of 512 bytes failed: Only part of a ReadProcessMemory or WriteProcessMemory request was completed. (0x12B)
[0411/012624.661:ERROR:process_memory_win.cc(73)] ReadMemory at 0x7ffe8c1d8285 of 512 bytes failed: Only part of a ReadProcessMemory or WriteProcessMemory request was completed. (0x12B)
[0411/012624.661:ERROR:process_memory_win.cc(73)] ReadMemory at 0x7ffebf5bc0c4 of 672 bytes failed: Only part of a ReadProcessMemory or WriteProcessMemory request was completed. (0x12B)
[0411/012624.662:ERROR:process_memory_win.cc(73)] ReadMemory at 0x7ffebf5bf974 of 608 bytes failed: Only part of a ReadProcessMemory or WriteProcessMemory request was completed. (0x12B)
[0411/012624.662:ERROR:process_memory_win.cc(73)] ReadMemory at 0x7ffebf64c428 of 18 bytes failed: Only part of a ReadProcessMemory or WriteProcessMemory request was completed. (0x12B)
[0411/012624.662:ERROR:process_memory_win.cc(73)] ReadMemory at 0x7ffebf67f4f8 of 40 bytes failed: Only part of a ReadProcessMemory or WriteProcessMemory request was completed. (0x12B)
[0411/012624.662:ERROR:process_memory_win.cc(73)] ReadMemory at 0x7ffebf67f978 of 48 bytes failed: Only part of a ReadProcessMemory or WriteProcessMemory request was completed. (0x12B)
[0411/012624.662:ERROR:process_memory_win.cc(73)] ReadMemory at 0x7ffebf6853c0 of 64 bytes failed: Only part of a ReadProcessMemory or WriteProcessMemory request was completed. (0x12B)
[0411/012624.665:ERROR:scoped_process_suspend.cc(40)] NtResumeProcess: An attempt was made to access an exiting process. (0xc000010a)
